0 info it worked if it ends with ok
1 verbose cli [ '/usr/bin/node', '/usr/bin/npm', 'start' ]
2 info using npm@6.14.4
3 info using node@v10.20.1
4 verbose run-script [ 'prestart', 'start', 'poststart' ]
5 info lifecycle myapp@0.0.0~prestart: myapp@0.0.0
6 info lifecycle myapp@0.0.0~start: myapp@0.0.0
7 verbose lifecycle myapp@0.0.0~start: unsafe-perm in lifecycle true
8 verbose lifecycle myapp@0.0.0~start: PATH: /usr/lib/node_modules/npm/node_modules/npm-lifecycle/node-gyp-bin:/home/ec2-user/node/myapp/node_modules/.bin:/usr/local/bin:/usr/bin:/usr/local/sbin:/usr/sbin:/home/ec2-user/.local/bin:/home/ec2-user/bin
9 verbose lifecycle myapp@0.0.0~start: CWD: /home/ec2-user/node/myapp
10 silly lifecycle myapp@0.0.0~start: Args: [ '-c', 'node ./bin/www' ]
11 silly lifecycle myapp@0.0.0~start: Returned: code: 1  signal: null
12 info lifecycle myapp@0.0.0~start: Failed to exec start script
13 verbose stack Error: myapp@0.0.0 start: `node ./bin/www`
13 verbose stack Exit status 1
13 verbose stack     at EventEmitter.<anonymous> (/usr/lib/node_modules/npm/node_modules/npm-lifecycle/index.js:332:16)
13 verbose stack     at EventEmitter.emit (events.js:198:13)
13 verbose stack     at ChildProcess.<anonymous> (/usr/lib/node_modules/npm/node_modules/npm-lifecycle/lib/spawn.js:55:14)
13 verbose stack     at ChildProcess.emit (events.js:198:13)
13 verbose stack     at maybeClose (internal/child_process.js:982:16)
13 verbose stack     at Process.ChildProcess._handle.onexit (internal/child_process.js:259:5)
14 verbose pkgid myapp@0.0.0
15 verbose cwd /home/ec2-user/node/myapp
16 verbose Linux 4.14.173-137.229.amzn2.x86_64
17 verbose argv "/usr/bin/node" "/usr/bin/npm" "start"
18 verbose node v10.20.1
19 verbose npm  v6.14.4
20 error code ELIFECYCLE
21 error errno 1
22 error myapp@0.0.0 start: `node ./bin/www`
22 error Exit status 1
23 error Failed at the myapp@0.0.0 start script.
23 error This is probably not a problem with npm. There is likely additional logging output above.
24 verbose exit [ 1, true ]
